<?xml version="1.0" encoding="UTF-8"?>
<testng-results ignored="0" total="1" passed="1" failed="0" skipped="0">
  <reporter-output>
  </reporter-output>
  <suite started-at="2020-06-14T23:29:29 EDT" name="Default suite" finished-at="2020-06-14T23:29:58 EDT" duration-ms="29054">
    <groups>
    </groups>
    <test started-at="2020-06-14T23:29:29 EDT" name="Default test" finished-at="2020-06-14T23:29:58 EDT" duration-ms="29054">
      <class name="kl22020.WindowsHandler">
        <test-method signature="openBrowser()[pri:0, instance:kl22020.WindowsHandler@1460a8c0]" started-at="2020-06-14T23:29:29 EDT" name="openBrowser" finished-at="2020-06-14T23:29:58 EDT" duration-ms="29005" status="PASS">
          <reporter-output>
          </reporter-output>
        </test-method> <!-- openBrowser -->
      </class> <!-- kl22020.WindowsHandler -->
    </test> <!-- Default test -->
  </suite> <!-- Default suite -->
</testng-results>
